Using pre-set license
Built from '2021.1/release' branch; Version is '2021.1.16f1 (5fa502fca597) revision 6268162'; Using compiler version '192528614'; Build Type 'Release'
OS: 'Windows 10 Pro; OS build 19042.1083; Version 2009; 64bit' Language: 'ru' Physical Memory: 8174 MB
BatchMode: 1, IsHumanControllingUs: 0, StartBugReporterOnCrash: 0, Is64bit: 1, IsPro: 0

 COMMAND LINE ARGUMENTS:
D:\Game dev\Unity\2021.1.16f1\Editor\Unity.exe
-adb2
-batchMode
-noUpm
-name
AssetImportWorker0
-projectPath
D:/Game dev/Projects/Unity projects/T3
-logFile
Logs/AssetImportWorker0.log
-srvPort
61961
Successfully changed project path to: D:/Game dev/Projects/Unity projects/T3
D:/Game dev/Projects/Unity projects/T3
Using Asset Import Pipeline V2.
Refreshing native plugins compatible for Editor in 149.35 ms, found 3 plugins.
Preloading 0 native plugins for Editor in 0.00 ms.
Initialize engine version: 2021.1.16f1 (5fa502fca597)
[Subsystems] Discovering subsystems at path D:/Game dev/Unity/2021.1.16f1/Editor/Data/Resources/UnitySubsystems
[Subsystems] Discovering subsystems at path D:/Game dev/Projects/Unity projects/T3/Assets
GfxDevice: creating device client; threaded=0; jobified=0
Direct3D:
    Version:  Direct3D 11.0 [level 11.1]
    Renderer: AMD Radeon R7 200 Series (ID=0x6611)
    Vendor:   ATI
    VRAM:     2028 MB
    Driver:   27.20.21003.1028
Initialize mono
Mono path[0] = 'D:/Game dev/Unity/2021.1.16f1/Editor/Data/Managed'
Mono path[1] = 'D:/Game dev/Unity/2021.1.16f1/Editor/Data/MonoBleedingEdge/lib/mono/unityjit'
Mono config path = 'D:/Game dev/Unity/2021.1.16f1/Editor/Data/MonoBleedingEdge/etc'
Using monoOptions --debugger-agent=transport=dt_socket,embedding=1,server=y,suspend=n,address=127.0.0.1:56888
Begin MonoManager ReloadAssembly
Registering precompiled unity dll's ...
Register platform support module: D:/Game dev/Unity/2021.1.16f1/Editor/Data/PlaybackEngines/WindowsStandaloneSupport/UnityEditor.WindowsStandalone.Extensions.dll
Registered in 0.001440 seconds.
Native extension for WindowsStandalone target not found
Refreshing native plugins compatible for Editor in 152.85 ms, found 3 plugins.
Preloading 0 native plugins for Editor in 0.00 ms.
Mono: successfully reloaded assembly
- Completed reload, in  2.201 seconds
Domain Reload Profiling:
	ReloadAssembly (2201ms)
		BeginReloadAssembly (87ms)
			ExecutionOrderSort (0ms)
			DisableScriptedObjects (0ms)
			BackupInstance (0ms)
			ReleaseScriptingObjects (0ms)
			CreateAndSetChildDomain (1ms)
		EndReloadAssembly (765ms)
			LoadAssemblies (85ms)
			RebuildTransferFunctionScriptingTraits (0ms)
			SetupTypeCache (248ms)
			ReleaseScriptCaches (0ms)
			RebuildScriptCaches (53ms)
			SetupLoadedEditorAssemblies (393ms)
				LogAssemblyErrors (0ms)
				InitializePlatformSupportModulesInManaged (11ms)
				SetLoadedEditorAssemblies (0ms)
				RefreshPlugins (153ms)
				BeforeProcessingInitializeOnLoad (2ms)
				ProcessInitializeOnLoadAttributes (175ms)
				ProcessInitializeOnLoadMethodAttributes (51ms)
				AfterProcessingInitializeOnLoad (0ms)
				EditorAssembliesLoaded (0ms)
			ExecutionOrderSort2 (0ms)
			AwakeInstancesAfterBackupRestoration (0ms)
Platform modules already initialized, skipping
Registering precompiled user dll's ...
Registered in 0.005694 seconds.
Begin MonoManager ReloadAssembly
Symbol file LoadedFromMemory doesn't match image D:\Game dev\Projects\Unity projects\T3\Library\PackageCache\com.unity.visualscripting@1.6.1\Editor\VisualScripting.Core\Dependencies\YamlDotNet\Unity.VisualScripting.YamlDotNet.dll
Symbol file LoadedFromMemory doesn't match image D:\Game dev\Projects\Unity projects\T3\Library\PackageCache\com.unity.visualscripting@1.6.1\Editor\VisualScripting.Core\Dependencies\DotNetZip\Unity.VisualScripting.IonicZip.dll
Native extension for WindowsStandalone target not found
Refreshing native plugins compatible for Editor in 1.07 ms, found 3 plugins.
Preloading 0 native plugins for Editor in 0.00 ms.
Mono: successfully reloaded assembly
- Completed reload, in  2.150 seconds
Domain Reload Profiling:
	ReloadAssembly (2151ms)
		BeginReloadAssembly (238ms)
			ExecutionOrderSort (0ms)
			DisableScriptedObjects (9ms)
			BackupInstance (0ms)
			ReleaseScriptingObjects (0ms)
			CreateAndSetChildDomain (28ms)
		EndReloadAssembly (1810ms)
			LoadAssemblies (138ms)
			RebuildTransferFunctionScriptingTraits (0ms)
			SetupTypeCache (551ms)
			ReleaseScriptCaches (1ms)
			RebuildScriptCaches (92ms)
			SetupLoadedEditorAssemblies (881ms)
				LogAssemblyErrors (0ms)
				InitializePlatformSupportModulesInManaged (7ms)
				SetLoadedEditorAssemblies (1ms)
				RefreshPlugins (1ms)
				BeforeProcessingInitializeOnLoad (112ms)
				ProcessInitializeOnLoadAttributes (746ms)
				ProcessInitializeOnLoadMethodAttributes (9ms)
				AfterProcessingInitializeOnLoad (4ms)
				EditorAssembliesLoaded (0ms)
			ExecutionOrderSort2 (0ms)
			AwakeInstancesAfterBackupRestoration (11ms)
Platform modules already initialized, skipping
========================================================================
Worker process is ready to serve import requests
Launched and connected shader compiler UnityShaderCompiler.exe after 0.05 seconds
Refreshing native plugins compatible for Editor in 1.01 ms, found 3 plugins.
Preloading 0 native plugins for Editor in 0.00 ms.
Unloading 3520 Unused Serialized files (Serialized files now loaded: 0)
System memory in use before: 130.3 MB.
System memory in use after: 130.5 MB.

Unloading 132 unused Assets to reduce memory usage. Loaded Objects now: 3947.
Total: 5.357900 ms (FindLiveObjects: 0.303500 ms CreateObjectMapping: 0.176200 ms MarkObjects: 4.576000 ms  DeleteObjects: 0.300200 ms)

AssetImportParameters requested are different than current active one (requested -> active):
  custom:framework-win-MediaFoundation: 216162199b28c13a410421893ffa2e32 -> 
  custom:video-decoder-ogg-theora: a1e56fd34408186e4bbccfd4996cb3dc -> 
  custom:container-muxer-webm: aa71ff27fc2769a1b78a27578f13a17b -> 
  custom:container-demuxer-webm: 4f35f7cbe854078d1ac9338744f61a02 -> 
  custom:container-demuxer-ogg: 62fdf1f143b41e24485cea50d1cbac27 -> 
  custom:video-encoder-webm-vp8: eb34c28f22e8b96e1ab97ce403110664 -> 
  custom:video-decoder-webm-vp8: 9c59270c3fd7afecdb556c50c9e8de78 -> 
  custom:audio-decoder-ogg-vorbis: bf7c407c2cedff20999df2af8eb42d56 -> 
  custom:audio-encoder-webm-vorbis: bf7c407c2cedff20999df2af8eb42d56 -> 
========================================================================
Received Import Request.
  path: Assets/MainController.cs
  artifactKey: Guid(ace733119d5731d44acb32370579a5d0) Importer(815301076,1909f56bfc062723c751e8b465ee728b)
Start importing Assets/MainController.cs using Guid(ace733119d5731d44acb32370579a5d0) Importer(815301076,1909f56bfc062723c751e8b465ee728b)  -> (artifact id: '11010baf64ae8b4e0bf67b8e2b5a194a') in 0.023761 seconds 
========================================================================
Received Import Request.
  Time since last request: 0.001887 seconds.
  path: Assets/ProBuilder Data
  artifactKey: Guid(947542498b867444baf4463356245e1a) Importer(815301076,1909f56bfc062723c751e8b465ee728b)
Start importing Assets/ProBuilder Data using Guid(947542498b867444baf4463356245e1a) Importer(815301076,1909f56bfc062723c751e8b465ee728b)  -> (artifact id: 'b207d88f250fffcea4fee9a33feafa73') in 0.001575 seconds 
========================================================================
Received Import Request.
  Time since last request: 0.003887 seconds.
  path: Assets/StartGame.cs
  artifactKey: Guid(90ba79bb97cb6864f9182204f0f3801e) Importer(815301076,1909f56bfc062723c751e8b465ee728b)
Start importing Assets/StartGame.cs using Guid(90ba79bb97cb6864f9182204f0f3801e) Importer(815301076,1909f56bfc062723c751e8b465ee728b)  -> (artifact id: 'c04e95e2bb16db9d90b01454c5155f82') in 0.001592 seconds 
========================================================================
Received Import Request.
  Time since last request: 0.001691 seconds.
  path: Assets/Scenes
  artifactKey: Guid(3a76866cf74d80d4ebe599f84564ea6a) Importer(815301076,1909f56bfc062723c751e8b465ee728b)
Start importing Assets/Scenes using Guid(3a76866cf74d80d4ebe599f84564ea6a) Importer(815301076,1909f56bfc062723c751e8b465ee728b)  -> (artifact id: 'ecf26f718b3b8239b7e553ff4769784a') in 0.001520 seconds 
========================================================================
Received Import Request.
  Time since last request: 0.003791 seconds.
  path: Assets/Scenes/SampleScene.unity
  artifactKey: Guid(9fc0d4010bbf28b4594072e72b8655ab) Importer(815301076,1909f56bfc062723c751e8b465ee728b)
Start importing Assets/Scenes/SampleScene.unity using Guid(9fc0d4010bbf28b4594072e72b8655ab) Importer(815301076,1909f56bfc062723c751e8b465ee728b)  -> (artifact id: '88b32eccf55ad831eef996ab1e9f6afc') in 0.005426 seconds 
========================================================================
Received Import Request.
  Time since last request: 0.004178 seconds.
  path: Assets/Calculating.cs
  artifactKey: Guid(2500df5cb44cb7b4587da440255cd6a3) Importer(815301076,1909f56bfc062723c751e8b465ee728b)
Start importing Assets/Calculating.cs using Guid(2500df5cb44cb7b4587da440255cd6a3) Importer(815301076,1909f56bfc062723c751e8b465ee728b)  -> (artifact id: '9f6c2db70b09026af9d02790a719a16a') in 0.001445 seconds 
========================================================================
Received Import Request.
  Time since last request: 0.009169 seconds.
  path: Assets/winscr.cs
  artifactKey: Guid(372006959814b6d4fb944ebcf62a4e8a) Importer(815301076,1909f56bfc062723c751e8b465ee728b)
Start importing Assets/winscr.cs using Guid(372006959814b6d4fb944ebcf62a4e8a) Importer(815301076,1909f56bfc062723c751e8b465ee728b)  -> (artifact id: '2158c17f83b013e929f6842a6b6c6c5b') in 0.001657 seconds 
========================================================================
Received Import Request.
  Time since last request: 0.012755 seconds.
  path: Assets/Trigger.cs
  artifactKey: Guid(604581993d2bf1446b11b5f161bba54e) Importer(815301076,1909f56bfc062723c751e8b465ee728b)
Start importing Assets/Trigger.cs using Guid(604581993d2bf1446b11b5f161bba54e) Importer(815301076,1909f56bfc062723c751e8b465ee728b)  -> (artifact id: 'f6409ab58c08166acd920445172c8541') in 0.001744 seconds 
========================================================================
Received Import Request.
  Time since last request: 0.004147 seconds.
  path: Assets/SpawnSigns.cs
  artifactKey: Guid(10b6f8c41b94dc247ba6712dda4edcdf) Importer(815301076,1909f56bfc062723c751e8b465ee728b)
Start importing Assets/SpawnSigns.cs using Guid(10b6f8c41b94dc247ba6712dda4edcdf) Importer(815301076,1909f56bfc062723c751e8b465ee728b)  -> (artifact id: 'abb40f0689f1a25fb2713175ed383bb3') in 0.001636 seconds 
========================================================================
Received Import Request.
  Time since last request: 0.015513 seconds.
  path: Assets/Counting.cs
  artifactKey: Guid(295c4833d520dcc4b98e8ebabf3a7418) Importer(815301076,1909f56bfc062723c751e8b465ee728b)
Start importing Assets/Counting.cs using Guid(295c4833d520dcc4b98e8ebabf3a7418) Importer(815301076,1909f56bfc062723c751e8b465ee728b)  -> (artifact id: '87bc62de11c0d6c6ee58d00824f30085') in 0.001956 seconds 
AssetImportWorkerClient::OnTransportError - code=2 error=End of file
